<?xml version="1.0" encoding="UTF-8"?>
<testsuite name="me.shinsunyoung.springbootdeveloper.QuizControllerTest" tests="4" skipped="0" failures="0" errors="0" timestamp="2024-09-14T14:22:12" hostname="DESKTOP-AP19PB5" time="2.198">
  <properties/>
  <testcase name="quiz(): GET /quiz?code=1 이면 응답 코드는 201, 응답 본문은 Created!를 리턴한다." classname="me.shinsunyoung.springbootdeveloper.QuizControllerTest" time="1.813"/>
  <testcase name="quiz(): GET /quiz?code=2 이면 응답 코드는 400, 응답 본문은 Bad Request!를 리턴한다." classname="me.shinsunyoung.springbootdeveloper.QuizControllerTest" time="0.015"/>
  <testcase name="quiz(): POST /quiz?code=1 이면 응답코드 403, 응답 본문은 Forbidden!를 리턴한다." classname="me.shinsunyoung.springbootdeveloper.QuizControllerTest" time="0.322"/>
  <testcase name="quiz(): POST /quiz?code=13 이면 응답코드 200, 응답 본문은 OK!를 리턴한다." classname="me.shinsunyoung.springbootdeveloper.QuizControllerTest" time="0.033"/>
  <system-out><![CDATA[23:21:58.740 [Test worker] INFO org.springframework.test.context.support.AnnotationConfigContextLoaderUtils -- Could not detect default configuration classes for test class [me.shinsunyoung.springbootdeveloper.QuizControllerTest]: QuizControllerTest does not declare any static, non-private, non-final, nested classes annotated with @Configuration.
23:21:59.206 [Test worker] INFO org.springframework.boot.test.context.SpringBootTestContextBootstrapper -- Found @SpringBootConfiguration me.shinsunyoung.springbootdeveloper.SpringBootDeveloperApplication for test class me.shinsunyoung.springbootdeveloper.QuizControllerTest

  .   ____          _            __ _ _
 /\\ / ___'_ __ _ _(_)_ __  __ _ \ \ \ \
( ( )\___ | '_ | '_| | '_ \/ _` | \ \ \ \
 \\/  ___)| |_)| | | | | || (_| |  ) ) ) )
  '  |____| .__|_| |_|_| |_\__, | / / / /
 =========|_|==============|___/=/_/_/_/
 :: Spring Boot ::                (v3.2.0)

2024-09-14T23:22:00.764+09:00  INFO 13776 --- [    Test worker] m.s.s.QuizControllerTest                 : Starting QuizControllerTest using Java 17.0.12 with PID 13776 (started by minji in C:\Users\minji\IdeaProjects\springboot-developer)
2024-09-14T23:22:00.767+09:00  INFO 13776 --- [    Test worker] m.s.s.QuizControllerTest                 : No active profile set, falling back to 1 default profile: "default"
2024-09-14T23:22:03.316+09:00  INFO 13776 --- [    Test worker] .s.d.r.c.RepositoryConfigurationDelegate : Bootstrapping Spring Data JPA repositories in DEFAULT mode.
2024-09-14T23:22:03.488+09:00  INFO 13776 --- [    Test worker] .s.d.r.c.RepositoryConfigurationDelegate : Finished Spring Data repository scanning in 145 ms. Found 1 JPA repository interface.
2024-09-14T23:22:04.871+09:00  INFO 13776 --- [    Test worker] com.zaxxer.hikari.HikariDataSource       : HikariPool-1 - Starting...
2024-09-14T23:22:05.558+09:00  INFO 13776 --- [    Test worker] com.zaxxer.hikari.pool.HikariPool        : HikariPool-1 - Added connection conn0: url=jdbc:h2:mem:f74e23a9-4d6b-4128-8817-902f3ab88377 user=SA
2024-09-14T23:22:05.564+09:00  INFO 13776 --- [    Test worker] com.zaxxer.hikari.HikariDataSource       : HikariPool-1 - Start completed.
2024-09-14T23:22:05.726+09:00  INFO 13776 --- [    Test worker] o.hibernate.jpa.internal.util.LogHelper  : HHH000204: Processing PersistenceUnitInfo [name: default]
2024-09-14T23:22:06.064+09:00  INFO 13776 --- [    Test worker] org.hibernate.Version                    : HHH000412: Hibernate ORM core version 6.3.1.Final
2024-09-14T23:22:06.231+09:00  INFO 13776 --- [    Test worker] o.h.c.internal.RegionFactoryInitiator    : HHH000026: Second-level cache disabled
2024-09-14T23:22:07.245+09:00  INFO 13776 --- [    Test worker] o.s.o.j.p.SpringPersistenceUnitInfo      : No LoadTimeWeaver setup: ignoring JPA class transformer
2024-09-14T23:22:09.841+09:00  INFO 13776 --- [    Test worker] o.h.e.t.j.p.i.JtaPlatformInitiator       : HHH000489: No JTA platform available (set 'hibernate.transaction.jta.platform' to enable JTA platform integration)
Hibernate: 
    drop table if exists member cascade 
Hibernate: 
    create table member (
        id bigint generated by default as identity,
        name varchar(255) not null,
        primary key (id)
    )
2024-09-14T23:22:09.963+09:00  INFO 13776 --- [    Test worker] j.LocalContainerEntityManagerFactoryBean : Initialized JPA EntityManagerFactory for persistence unit 'default'
2024-09-14T23:22:11.125+09:00  WARN 13776 --- [    Test worker] JpaBaseConfiguration$JpaWebConfiguration : spring.jpa.open-in-view is enabled by default. Therefore, database queries may be performed during view rendering. Explicitly configure spring.jpa.open-in-view to disable this warning
2024-09-14T23:22:11.205+09:00  INFO 13776 --- [    Test worker] o.s.b.a.w.s.WelcomePageHandlerMapping    : Adding welcome page: class path resource [static/index.html]
2024-09-14T23:22:12.297+09:00  INFO 13776 --- [    Test worker] o.s.b.t.m.w.SpringBootMockServletContext : Initializing Spring TestDispatcherServlet ''
2024-09-14T23:22:12.297+09:00  INFO 13776 --- [    Test worker] o.s.t.web.servlet.TestDispatcherServlet  : Initializing Servlet ''
2024-09-14T23:22:12.303+09:00  INFO 13776 --- [    Test worker] o.s.t.web.servlet.TestDispatcherServlet  : Completed initialization in 2 ms
2024-09-14T23:22:12.400+09:00  INFO 13776 --- [    Test worker] m.s.s.QuizControllerTest                 : Started QuizControllerTest in 12.662 seconds (process running for 17.823)
2024-09-14T23:22:13.980+09:00  INFO 13776 --- [    Test worker] o.s.b.t.m.w.SpringBootMockServletContext : Initializing Spring TestDispatcherServlet ''
2024-09-14T23:22:13.981+09:00  INFO 13776 --- [    Test worker] o.s.t.web.servlet.TestDispatcherServlet  : Initializing Servlet ''
2024-09-14T23:22:13.984+09:00  INFO 13776 --- [    Test worker] o.s.t.web.servlet.TestDispatcherServlet  : Completed initialization in 3 ms
2024-09-14T23:22:14.270+09:00  INFO 13776 --- [    Test worker] o.s.b.t.m.w.SpringBootMockServletContext : Initializing Spring TestDispatcherServlet ''
2024-09-14T23:22:14.270+09:00  INFO 13776 --- [    Test worker] o.s.t.web.servlet.TestDispatcherServlet  : Initializing Servlet ''
2024-09-14T23:22:14.272+09:00  INFO 13776 --- [    Test worker] o.s.t.web.servlet.TestDispatcherServlet  : Completed initialization in 2 ms
2024-09-14T23:22:14.289+09:00  INFO 13776 --- [    Test worker] o.s.b.t.m.w.SpringBootMockServletContext : Initializing Spring TestDispatcherServlet ''
2024-09-14T23:22:14.289+09:00  INFO 13776 --- [    Test worker] o.s.t.web.servlet.TestDispatcherServlet  : Initializing Servlet ''
2024-09-14T23:22:14.293+09:00  INFO 13776 --- [    Test worker] o.s.t.web.servlet.TestDispatcherServlet  : Completed initialization in 4 ms
2024-09-14T23:22:14.626+09:00  INFO 13776 --- [    Test worker] o.s.b.t.m.w.SpringBootMockServletContext : Initializing Spring TestDispatcherServlet ''
2024-09-14T23:22:14.634+09:00  INFO 13776 --- [    Test worker] o.s.t.web.servlet.TestDispatcherServlet  : Initializing Servlet ''
2024-09-14T23:22:14.638+09:00  INFO 13776 --- [    Test worker] o.s.t.web.servlet.TestDispatcherServlet  : Completed initialization in 3 ms
]]></system-out>
  <system-err><![CDATA[]]></system-err>
</testsuite>
